<?xml version="1.0" encoding="UTF-8"?>
<testsuite name="org.example.projectboard.controller.MainControllerTest" tests="1" skipped="0" failures="0" errors="0" timestamp="2024-09-08T12:35:54" hostname="BOOK-PQK4RFUGLR" time="0.803">
  <properties/>
  <testcase name="givenNothing_whenRequestingRootPage_thenRedirectToArticles()" classname="org.example.projectboard.controller.MainControllerTest" time="0.803"/>
  <system-out><![CDATA[21:35:51.992 [Test worker] INFO org.springframework.test.context.support.AnnotationConfigContextLoaderUtils -- Could not detect default configuration classes for test class [org.example.projectboard.controller.MainControllerTest]: MainControllerTest does not declare any static, non-private, non-final, nested classes annotated with @Configuration.
21:35:52.148 [Test worker] INFO org.springframework.boot.test.context.SpringBootTestContextBootstrapper -- Found @SpringBootConfiguration org.example.projectboard.FastCampusProjectBoardApplication for test class org.example.projectboard.controller.MainControllerTest

  .   ____          _            __ _ _
 /\\ / ___'_ __ _ _(_)_ __  __ _ \ \ \ \
( ( )\___ | '_ | '_| | '_ \/ _` | \ \ \ \
 \\/  ___)| |_)| | | | | || (_| |  ) ) ) )
  '  |____| .__|_| |_|_| |_\__, | / / / /
 =========|_|==============|___/=/_/_/_/

 :: Spring Boot ::                (v3.3.2)

2024-09-08T21:35:52.619+09:00  INFO 15372 --- [    Test worker] o.e.p.controller.MainControllerTest      : Starting MainControllerTest using Java 21.0.4 with PID 15372 (started by sunwo in C:\Users\sunwo\Desktop\JAVA_Spring\Part2\fastcampus-project-board\fastcampus-project-board)
2024-09-08T21:35:52.620+09:00 DEBUG 15372 --- [    Test worker] o.e.p.controller.MainControllerTest      : Running with Spring Boot v3.3.2, Spring v6.1.11
2024-09-08T21:35:52.620+09:00  INFO 15372 --- [    Test worker] o.e.p.controller.MainControllerTest      : No active profile set, falling back to 1 default profile: "default"
2024-09-08T21:35:53.622+09:00  WARN 15372 --- [    Test worker] .s.s.UserDetailsServiceAutoConfiguration : 

Using generated security password: c11cc79a-f05f-400b-bccc-e240f6002a1d

This generated password is for development use only. Your security configuration must be updated before running your application in production.

2024-09-08T21:35:53.650+09:00  INFO 15372 --- [    Test worker] r$InitializeUserDetailsManagerConfigurer : Global AuthenticationManager configured with UserDetailsService bean with name inMemoryUserDetailsManager
2024-09-08T21:35:53.752+09:00  INFO 15372 --- [    Test worker] o.s.b.a.w.s.WelcomePageHandlerMapping    : Adding welcome page template: index
2024-09-08T21:35:53.821+09:00 DEBUG 15372 --- [    Test worker] s.w.s.m.m.a.RequestMappingHandlerMapping : 3 mappings in 'requestMappingHandlerMapping'
2024-09-08T21:35:53.912+09:00 DEBUG 15372 --- [    Test worker] o.s.w.s.handler.SimpleUrlHandlerMapping  : Patterns [/webjars/**, /**] in 'resourceHandlerMapping'
2024-09-08T21:35:54.033+09:00 DEBUG 15372 --- [    Test worker] s.w.s.m.m.a.RequestMappingHandlerAdapter : ControllerAdvice beans: 0 @ModelAttribute, 0 @InitBinder, 1 RequestBodyAdvice, 1 ResponseBodyAdvice
2024-09-08T21:35:54.064+09:00 DEBUG 15372 --- [    Test worker] .m.m.a.ExceptionHandlerExceptionResolver : ControllerAdvice beans: 0 @ExceptionHandler, 1 ResponseBodyAdvice
2024-09-08T21:35:54.258+09:00  INFO 15372 --- [    Test worker] o.s.b.t.m.w.SpringBootMockServletContext : Initializing Spring TestDispatcherServlet ''
2024-09-08T21:35:54.258+09:00  INFO 15372 --- [    Test worker] o.s.t.web.servlet.TestDispatcherServlet  : Initializing Servlet ''
2024-09-08T21:35:54.259+09:00  INFO 15372 --- [    Test worker] o.s.t.web.servlet.TestDispatcherServlet  : Completed initialization in 1 ms
2024-09-08T21:35:54.299+09:00  INFO 15372 --- [    Test worker] o.e.p.controller.MainControllerTest      : Started MainControllerTest in 2.082 seconds (process running for 3.218)
2024-09-08T21:35:55.080+09:00 DEBUG 15372 --- [    Test worker] s.w.s.m.m.a.RequestMappingHandlerMapping : Mapped to org.example.projectboard.controller.MainController#root()
2024-09-08T21:35:55.097+09:00 DEBUG 15372 --- [    Test worker] o.s.web.servlet.view.RedirectView        : View name [redirect:], model {}
]]></system-out>
  <system-err><![CDATA[WARNING: A Java agent has been loaded dynamically (C:\Users\sunwo\.gradle\caches\modules-2\files-2.1\net.bytebuddy\byte-buddy-agent\1.14.18\417558ea01fe9f0e8a94af28b9469d281c4e3984\byte-buddy-agent-1.14.18.jar)
WARNING: If a serviceability tool is in use, please run with -XX:+EnableDynamicAgentLoading to hide this warning
WARNING: If a serviceability tool is not in use, please run with -Djdk.instrument.traceUsage for more information
WARNING: Dynamic loading of agents will be disallowed by default in a future release
]]></system-err>
</testsuite>
